# name/game/hands/seed aaa ../game/holdem.limit.2p.reverse_blinds.game 1000 0
#--t_response 600000
#--t_hand 600000
#--t_per_hand 7000
STATE:0:rc/rrc/cc/cc:5d5c|9hQd/8dAs8s/4h/6d:40|-40:a|b
STATE:1:cc/crrc/crrc/rf:6sKs|5dJd/2sTh2h/Qh/8h:70|-70:b|a
STATE:2:cc/cc/rf:Ah8s|2h4c/Qd7h6c/4s:10|-10:a|b
STATE:3:crf:4s8s|6hJd:10|-10:b|a
STATE:4:rf:5s4c|Kc7d:-10|10:a|b
STATE:5:cc/rc/cc/cc:KhTh|8s7d/9c8d5c/Qd/Td:20|-20:b|a
STATE:6:crc/cc/rc/rc:Kc8h|5cAs/9dAh4d/7h/Qs:-60|60:a|b
STATE:7:cc/cc/rf:Ah6c|2c3d/5d6hTc/6d:10|-10:b|a
STATE:8:cc/crc/rc/crrc:2hAd|Js7c/4d3s3c/Jh/7d:-80|80:a|b
STATE:9:rrc/cc/rf:Qd5h|9h2d/AsKs3h/Th:30|-30:b|a
STATE:10:rrf:KcAd|Jd5c:20|-20:a|b
STATE:11:cc/cc/cc/rf:9dTc|9s4h/3h7c2h/9h/Ts:10|-10:b|a
STATE:12:crc/cc/crrc/cc:3hTs|AdQd/9d7h4h/Kd/As:-60|60:a|b
STATE:13:crc/rf:8h9s|3d2s/7hJcKc:20|-20:b|a
STATE:14:rc/crc/crf:2d3s|6sQh/5d8h4d/Qs:-30|30:a|b
STATE:15:cc/rc/rrc/rc:3c4c|Th7s/5d6c8s/6h/3d:80|-80:b|a
STATE:16:rrf:3c8d|Ks6c:20|-20:a|b
STATE:17:rc/cc/rc/cc:Kc7c|2s7d/As3h6s/Qc/7s:40|-40:b|a
STATE:18:rc/cc/cc/crf:AsJh|8d2c/7dAh5c/3s/3c:-20|20:a|b
STATE:19:rc/rf:2h6d|7dKc/5sAs6h:20|-20:b|a
STATE:20:rc/crc/rc/cc:5cAs|2s7h/KsQcTh/Qd/Qh:50|-50:a|b
STATE:21:crrc/cc/cc/rc:9sTs|7d4h/5c4sAh/4c/7c:-50|50:b|a
STATE:22:rrc/cc/cc/rrrf:5sJh|8dTh/5c2d5d/Tc/Ad:70|-70:a|b
STATE:23:rc/rf:6c7s|AcTh/TsAhQh:20|-20:b|a
STATE:24:rc/cc/crf:9d3h|Qh6s/6hQc7d/2c:-20|20:a|b
STATE:25:crrrc/rf:2s3d|7dTs/Ad4hJh:40|-40:b|a
STATE:26:cc/rc/rrf:5dJs|9h4h/4sTh3d/3s:-40|40:a|b
STATE:27:cc/rrrrc/crc/crrf:2d2s|8s4d/TcAd5d/2c/3h:90|-90:b|a
STATE:28:cc/cc/crf:AdTd|Qd2c/2d7d6c/9d:-10|10:a|b
STATE:29:crf:8s2d|8h9d:10|-10:b|a
STATE:30:rc/rc/rc/rrc:3c2s|4sTs/4hQc3h/3d/Qd:90|-90:a|b
STATE:31:rrf:Jd9c|6s8s:20|-20:b|a
STATE:32:cc/cc/crrrf:QsKd|7c7d/2c2d6c/6h:-50|50:a|b
STATE:33:cc/cc/cc/crrf:Th5d|Qs8h/7sAcJs/Td/7h:30|-30:b|a
STATE:34:rf:7hAc|AdAs:-10|10:a|b
STATE:35:cc/crrf:AsAh|2dQs/4s7dTs:20|-20:b|a
STATE:36:cc/cc/rc/crrc:AhQc|8c5c/4dAs4h/4s/6d:70|-70:a|b
STATE:37:rc/rc/cc/rc:KcQd|8sJc/9hJh9d/Qs/Kd:50|-50:b|a
STATE:38:cc/cc/crf:Ad6s|Qh8h/6cJc7c/8c:-10|10:a|b
STATE:39:crc/rrrrc/cc/rf:9sTc|6cAs/3d6s2d/Ac/Jc:60|-60:b|a
STATE:40:crc/rf:5d6s|8hKc/Kd3d2h:20|-20:a|b
STATE:41:rc/rrrc/rrrc/rrrc:4d6d|9s6s/7dJd5c/Ad/Ks:170|-170:b|a
STATE:42:rc/cc/cc/crrrf:ThQh|Kc8s/2d3h9s/4s/2c:-60|60:a|b
STATE:43:cc/rf:7s8h|9h4c/Ts9s6d:10|-10:b|a
STATE:44:rc/crrc/cc/crf:9c6h|3dJh/AhTs9d/7s/7h:-40|40:a|b
STATE:45:cc/cc/rc/cc:5c3s|7c8h/9sKh8s/2d/4c:-30|30:b|a
STATE:46:cc/cc/crf:8hJd|5cQh/6s3d9h/3c:-10|10:a|b
STATE:47:cc/cc/rrc/rc:Qc2s|JsAh/9d8s2h/6s/Jh:-70|70:b|a
STATE:48:cc/cc/rrc/rrf:5cJc|Jd4c/3hAc4d/3d/6s:-70|70:a|b
STATE:49:crrrc/cc/cc/cc:QhTd|Js3c/9cQc5d/Ad/Kd:40|-40:b|a
STATE:50:rf:Tc5d|JsAd:-10|10:a|b
STATE:51:crc/crc/cc/cc:Ah7c|AsKc/7d2c8c/Jh/Jd:30|-30:b|a
STATE:52:rf:5cJh|Th8h:-10|10:a|b
STATE:53:crc/rc/cc/crc:Qd5c|3h6d/AsTd8d/Kh/Qc:50|-50:b|a
STATE:54:rrc/rrc/crf:7s4h|7h9d/8d2dQs/2s:-50|50:a|b
STATE:55:cc/rrc/cc/crrrrf:8c6s|Tc8h/Qc2h8s/7h/6c:90|-90:b|a
STATE:56:rc/cc/rc/crf:Ks7d|9hTs/Jd4h9c/3c/6h:-40|40:a|b
STATE:57:rrc/rc/rf:5cAh|9dTh/As3dTs/Kh:40|-40:b|a
STATE:58:cc/rc/crc/rrrrc:2c9h|5hKh/JdKsAs/9s/6c:-120|120:a|b
STATE:59:crrc/cc/cc/rrc:4dTd|9s9c/TcJcKh/5s/7h:70|-70:b|a
STATE:60:rf:5s9s|3c4c:-10|10:a|b
STATE:61:rc/crrrc/rf:Jd5d|4s4d/6c8h7s/Jh:50|-50:b|a
STATE:62:rc/crrrc/cc/rc:5s2s|Kh2c/6d8hQs/Ah/Ks:-70|70:a|b
STATE:63:cc/cc/crrrc/rf:7c5s|9c2c/QdKh9d/Jd/Kc:70|-70:b|a
STATE:64:rrc/crrrf:7c9d|8s9h/2cTsTh:-50|50:a|b
STATE:65:cc/rf:8h7h|Ah2s/3dJh4s:10|-10:b|a
STATE:66:cc/rrrrf:QhAd|5s3h/2h2cTc:-40|40:a|b
STATE:67:rf:4d6d|9hJc:-10|10:b|a
STATE:68:rc/rrf:7h6d|6h4d/3cJd7d:-30|30:a|b
STATE:69:cc/rc/rc/rc:Jh4c|9d2d/6dTh5s/As/Kd:60|-60:b|a
STATE:70:rc/rrc/cc/crc:Ah4d|JhTs/AsKh5s/6d/2c:60|-60:a|b
STATE:71:rrrc/rc/cc/rf:6c5h|8h2s/5sQd4h/Js/9c:50|-50:b|a
STATE:72:rf:3c3s|7c3h:-10|10:a|b
STATE:73:crc/rf:3s5d|Kh2h/3h2d9h:20|-20:b|a
STATE:74:f:5c3c|2dJh:5|-5:a|b
STATE:75:cc/cc/rf:Kc7s|2s6d/4hQdKh/Ah:10|-10:b|a
STATE:76:rrrc/crc/crc/cc:Qh9s|Tc5d/Qc8h2c/Ks/Jh:70|-70:a|b
STATE:77:cc/cc/rf:JsTd|5s2c/AsAcTc/Ah:10|-10:b|a
STATE:78:crc/crrc/crf:As8s|4cQc/Ad6hKh/Kd:-40|40:a|b
STATE:79:cc/rf:3c6h|3dKc/5hJc3h:10|-10:b|a
